make --dry-run --always-make --keep-going --print-directory
make: Entering directory '/home/athomas/Downloads/mujoco-ompl-master'
/usr/bin/cmake -S/home/athomas/Downloads/mujoco-ompl-master -B/home/athomas/Downloads/mujoco-ompl-master --check-build-system CMakeFiles/Makefile.cmake 0
/usr/bin/cmake -E cmake_progress_start /home/athomas/Downloads/mujoco-ompl-master/CMakeFiles /home/athomas/Downloads/mujoco-ompl-master//CMakeFiles/progress.marks
make -s -f CMakeFiles/Makefile2 all
make[1]: Entering directory '/home/athomas/Downloads/mujoco-ompl-master'
make -s -f CMakeFiles/plan.dir/build.make CMakeFiles/plan.dir/depend
 
make[2]: Entering directory '/home/athomas/Downloads/mujoco-ompl-master'
cd /home/athomas/Downloads/mujoco-ompl-master && /usr/bin/cmake -E cmake_depends "Unix Makefiles" /home/athomas/Downloads/mujoco-ompl-master /home/athomas/Downloads/mujoco-ompl-master /home/athomas/Downloads/mujoco-ompl-master /home/athomas/Downloads/mujoco-ompl-master /home/athomas/Downloads/mujoco-ompl-master/CMakeFiles/plan.dir/DependInfo.cmake --color=
make[2]: Leaving directory '/home/athomas/Downloads/mujoco-ompl-master'
make -s -f CMakeFiles/plan.dir/build.make CMakeFiles/plan.dir/build
make[2]: Entering directory '/home/athomas/Downloads/mujoco-ompl-master'
/usr/bin/cmake -E cmake_echo_color --switch= --green --progress-dir=/home/athomas/Downloads/mujoco-ompl-master/CMakeFiles --progress-num=7 "Building CXX object CMakeFiles/plan.dir/plan.cpp.o"
clang++ -DBOOST_ALL_NO_LIB -DBOOST_FILESYSTEM_DYN_LINK -I/usr/local/include/ompl-1.5 -I/usr/include/eigen3, -I/home/athomas/Downloads/mujoco-ompl-master/3rd_party/include -I/home/athomas/Downloads/mujoco-ompl-master/include -isystem /usr/include/eigen3 -isystem /home/athomas/.mujoco/mujoco200/include -g -Wall -std=c++11 -MD -MT CMakeFiles/plan.dir/plan.cpp.o -MF CMakeFiles/plan.dir/plan.cpp.o.d -o CMakeFiles/plan.dir/plan.cpp.o -c /home/athomas/Downloads/mujoco-ompl-master/plan.cpp
/usr/bin/cmake -E cmake_echo_color --switch= --green --progress-dir=/home/athomas/Downloads/mujoco-ompl-master/CMakeFiles --progress-num=8 "Building CXX object CMakeFiles/plan.dir/src/mujoco_wrapper.cpp.o"
clang++ -DBOOST_ALL_NO_LIB -DBOOST_FILESYSTEM_DYN_LINK -I/usr/local/include/ompl-1.5 -I/usr/include/eigen3, -I/home/athomas/Downloads/mujoco-ompl-master/3rd_party/include -I/home/athomas/Downloads/mujoco-ompl-master/include -isystem /usr/include/eigen3 -isystem /home/athomas/.mujoco/mujoco200/include -g -Wall -std=c++11 -MD -MT CMakeFiles/plan.dir/src/mujoco_wrapper.cpp.o -MF CMakeFiles/plan.dir/src/mujoco_wrapper.cpp.o.d -o CMakeFiles/plan.dir/src/mujoco_wrapper.cpp.o -c /home/athomas/Downloads/mujoco-ompl-master/src/mujoco_wrapper.cpp
/usr/bin/cmake -E cmake_echo_color --switch= --green --progress-dir=/home/athomas/Downloads/mujoco-ompl-master/CMakeFiles --progress-num=9 "Building CXX object CMakeFiles/plan.dir/src/mujoco_ompl_interface.cpp.o"
clang++ -DBOOST_ALL_NO_LIB -DBOOST_FILESYSTEM_DYN_LINK -I/usr/local/include/ompl-1.5 -I/usr/include/eigen3, -I/home/athomas/Downloads/mujoco-ompl-master/3rd_party/include -I/home/athomas/Downloads/mujoco-ompl-master/include -isystem /usr/include/eigen3 -isystem /home/athomas/.mujoco/mujoco200/include -g -Wall -std=c++11 -MD -MT CMakeFiles/plan.dir/src/mujoco_ompl_interface.cpp.o -MF CMakeFiles/plan.dir/src/mujoco_ompl_interface.cpp.o.d -o CMakeFiles/plan.dir/src/mujoco_ompl_interface.cpp.o -c /home/athomas/Downloads/mujoco-ompl-master/src/mujoco_ompl_interface.cpp
/usr/bin/cmake -E cmake_echo_color --switch= --green --bold --progress-dir=/home/athomas/Downloads/mujoco-ompl-master/CMakeFiles --progress-num=10 "Linking CXX executable plan"
/usr/bin/cmake -E cmake_link_script CMakeFiles/plan.dir/link.txt --verbose=
make[2]: Leaving directory '/home/athomas/Downloads/mujoco-ompl-master'
/usr/bin/cmake -E cmake_echo_color --switch= --progress-dir=/home/athomas/Downloads/mujoco-ompl-master/CMakeFiles --progress-num=7,8,9,10 "Built target plan"
make -s -f CMakeFiles/render_plan.dir/build.make CMakeFiles/render_plan.dir/depend
make[2]: Entering directory '/home/athomas/Downloads/mujoco-ompl-master'
cd /home/athomas/Downloads/mujoco-ompl-master && /usr/bin/cmake -E cmake_depends "Unix Makefiles" /home/athomas/Downloads/mujoco-ompl-master /home/athomas/Downloads/mujoco-ompl-master /home/athomas/Downloads/mujoco-ompl-master /home/athomas/Downloads/mujoco-ompl-master /home/athomas/Downloads/mujoco-ompl-master/CMakeFiles/render_plan.dir/DependInfo.cmake --color=
make[2]: Leaving directory '/home/athomas/Downloads/mujoco-ompl-master'
make -s -f CMakeFiles/render_plan.dir/build.make CMakeFiles/render_plan.dir/build
make[2]: Entering directory '/home/athomas/Downloads/mujoco-ompl-master'
/usr/bin/cmake -E cmake_echo_color --switch= --green --progress-dir=/home/athomas/Downloads/mujoco-ompl-master/CMakeFiles --progress-num=15 "Building CXX object CMakeFiles/render_plan.dir/render_plan.cpp.o"
clang++  -I/usr/local/include/ompl-1.5 -I/usr/include/eigen3, -I/home/athomas/Downloads/mujoco-ompl-master/3rd_party/include -I/home/athomas/Downloads/mujoco-ompl-master/include -isystem /usr/include/eigen3 -isystem /home/athomas/.mujoco/mujoco200/include -g -Wall -std=c++11 -MD -MT CMakeFiles/render_plan.dir/render_plan.cpp.o -MF CMakeFiles/render_plan.dir/render_plan.cpp.o.d -o CMakeFiles/render_plan.dir/render_plan.cpp.o -c /home/athomas/Downloads/mujoco-ompl-master/render_plan.cpp
/usr/bin/cmake -E cmake_echo_color --switch= --green --progress-dir=/home/athomas/Downloads/mujoco-ompl-master/CMakeFiles --progress-num=16 "Building CXX object CMakeFiles/render_plan.dir/src/mujoco_wrapper.cpp.o"
clang++  -I/usr/local/include/ompl-1.5 -I/usr/include/eigen3, -I/home/athomas/Downloads/mujoco-ompl-master/3rd_party/include -I/home/athomas/Downloads/mujoco-ompl-master/include -isystem /usr/include/eigen3 -isystem /home/athomas/.mujoco/mujoco200/include -g -Wall -std=c++11 -MD -MT CMakeFiles/render_plan.dir/src/mujoco_wrapper.cpp.o -MF CMakeFiles/render_plan.dir/src/mujoco_wrapper.cpp.o.d -o CMakeFiles/render_plan.dir/src/mujoco_wrapper.cpp.o -c /home/athomas/Downloads/mujoco-ompl-master/src/mujoco_wrapper.cpp
/usr/bin/cmake -E cmake_echo_color --switch= --green --progress-dir=/home/athomas/Downloads/mujoco-ompl-master/CMakeFiles --progress-num=17 "Building CXX object CMakeFiles/render_plan.dir/src/mujoco_ompl_interface.cpp.o"
clang++  -I/usr/local/include/ompl-1.5 -I/usr/include/eigen3, -I/home/athomas/Downloads/mujoco-ompl-master/3rd_party/include -I/home/athomas/Downloads/mujoco-ompl-master/include -isystem /usr/include/eigen3 -isystem /home/athomas/.mujoco/mujoco200/include -g -Wall -std=c++11 -MD -MT CMakeFiles/render_plan.dir/src/mujoco_ompl_interface.cpp.o -MF CMakeFiles/render_plan.dir/src/mujoco_ompl_interface.cpp.o.d -o CMakeFiles/render_plan.dir/src/mujoco_ompl_interface.cpp.o -c /home/athomas/Downloads/mujoco-ompl-master/src/mujoco_ompl_interface.cpp
/usr/bin/cmake -E cmake_echo_color --switch= --green --bold --progress-dir=/home/athomas/Downloads/mujoco-ompl-master/CMakeFiles --progress-num=18 "Linking CXX executable render_plan"
/usr/bin/cmake -E cmake_link_script CMakeFiles/render_plan.dir/link.txt --verbose=
make[2]: Leaving directory '/home/athomas/Downloads/mujoco-ompl-master'
/usr/bin/cmake -E cmake_echo_color --switch= --progress-dir=/home/athomas/Downloads/mujoco-ompl-master/CMakeFiles --progress-num=15,16,17,18 "Built target render_plan"
make -s -f CMakeFiles/plan_kinematic.dir/build.make CMakeFiles/plan_kinematic.dir/depend
make[2]: Entering directory '/home/athomas/Downloads/mujoco-ompl-master'
cd /home/athomas/Downloads/mujoco-ompl-master && /usr/bin/cmake -E cmake_depends "Unix Makefiles" /home/athomas/Downloads/mujoco-ompl-master /home/athomas/Downloads/mujoco-ompl-master /home/athomas/Downloads/mujoco-ompl-master /home/athomas/Downloads/mujoco-ompl-master /home/athomas/Downloads/mujoco-ompl-master/CMakeFiles/plan_kinematic.dir/DependInfo.cmake --color=
make[2]: Leaving directory '/home/athomas/Downloads/mujoco-ompl-master'
make -s -f CMakeFiles/plan_kinematic.dir/build.make CMakeFiles/plan_kinematic.dir/build
make[2]: Entering directory '/home/athomas/Downloads/mujoco-ompl-master'
/usr/bin/cmake -E cmake_echo_color --switch= --green --progress-dir=/home/athomas/Downloads/mujoco-ompl-master/CMakeFiles --progress-num=11 "Building CXX object CMakeFiles/plan_kinematic.dir/plan_kinematic.cpp.o"
clang++  -I/usr/local/include/ompl-1.5 -I/usr/include/eigen3, -I/home/athomas/Downloads/mujoco-ompl-master/3rd_party/include -I/home/athomas/Downloads/mujoco-ompl-master/include -isystem /usr/include/eigen3 -isystem /home/athomas/.mujoco/mujoco200/include -g -Wall -std=c++11 -MD -MT CMakeFiles/plan_kinematic.dir/plan_kinematic.cpp.o -MF CMakeFiles/plan_kinematic.dir/plan_kinematic.cpp.o.d -o CMakeFiles/plan_kinematic.dir/plan_kinematic.cpp.o -c /home/athomas/Downloads/mujoco-ompl-master/plan_kinematic.cpp
/usr/bin/cmake -E cmake_echo_color --switch= --green --progress-dir=/home/athomas/Downloads/mujoco-ompl-master/CMakeFiles --progress-num=12 "Building CXX object CMakeFiles/plan_kinematic.dir/src/mujoco_wrapper.cpp.o"
clang++  -I/usr/local/include/ompl-1.5 -I/usr/include/eigen3, -I/home/athomas/Downloads/mujoco-ompl-master/3rd_party/include -I/home/athomas/Downloads/mujoco-ompl-master/include -isystem /usr/include/eigen3 -isystem /home/athomas/.mujoco/mujoco200/include -g -Wall -std=c++11 -MD -MT CMakeFiles/plan_kinematic.dir/src/mujoco_wrapper.cpp.o -MF CMakeFiles/plan_kinematic.dir/src/mujoco_wrapper.cpp.o.d -o CMakeFiles/plan_kinematic.dir/src/mujoco_wrapper.cpp.o -c /home/athomas/Downloads/mujoco-ompl-master/src/mujoco_wrapper.cpp
/usr/bin/cmake -E cmake_echo_color --switch= --green --progress-dir=/home/athomas/Downloads/mujoco-ompl-master/CMakeFiles --progress-num=13 "Building CXX object CMakeFiles/plan_kinematic.dir/src/mujoco_ompl_interface.cpp.o"
clang++  -I/usr/local/include/ompl-1.5 -I/usr/include/eigen3, -I/home/athomas/Downloads/mujoco-ompl-master/3rd_party/include -I/home/athomas/Downloads/mujoco-ompl-master/include -isystem /usr/include/eigen3 -isystem /home/athomas/.mujoco/mujoco200/include -g -Wall -std=c++11 -MD -MT CMakeFiles/plan_kinematic.dir/src/mujoco_ompl_interface.cpp.o -MF CMakeFiles/plan_kinematic.dir/src/mujoco_ompl_interface.cpp.o.d -o CMakeFiles/plan_kinematic.dir/src/mujoco_ompl_interface.cpp.o -c /home/athomas/Downloads/mujoco-ompl-master/src/mujoco_ompl_interface.cpp
/usr/bin/cmake -E cmake_echo_color --switch= --green --bold --progress-dir=/home/athomas/Downloads/mujoco-ompl-master/CMakeFiles --progress-num=14 "Linking CXX executable plan_kinematic"
/usr/bin/cmake -E cmake_link_script CMakeFiles/plan_kinematic.dir/link.txt --verbose=
make[2]: Leaving directory '/home/athomas/Downloads/mujoco-ompl-master'
/usr/bin/cmake -E cmake_echo_color --switch= --progress-dir=/home/athomas/Downloads/mujoco-ompl-master/CMakeFiles --progress-num=11,12,13,14 "Built target plan_kinematic"
make -s -f CMakeFiles/render_plan_kinematic.dir/build.make CMakeFiles/render_plan_kinematic.dir/depend
make[2]: Entering directory '/home/athomas/Downloads/mujoco-ompl-master'
cd /home/athomas/Downloads/mujoco-ompl-master && /usr/bin/cmake -E cmake_depends "Unix Makefiles" /home/athomas/Downloads/mujoco-ompl-master /home/athomas/Downloads/mujoco-ompl-master /home/athomas/Downloads/mujoco-ompl-master /home/athomas/Downloads/mujoco-ompl-master /home/athomas/Downloads/mujoco-ompl-master/CMakeFiles/render_plan_kinematic.dir/DependInfo.cmake --color=
make[2]: Leaving directory '/home/athomas/Downloads/mujoco-ompl-master'
make -s -f CMakeFiles/render_plan_kinematic.dir/build.make CMakeFiles/render_plan_kinematic.dir/build
make[2]: Entering directory '/home/athomas/Downloads/mujoco-ompl-master'
/usr/bin/cmake -E cmake_echo_color --switch= --green --progress-dir=/home/athomas/Downloads/mujoco-ompl-master/CMakeFiles --progress-num=19 "Building CXX object CMakeFiles/render_plan_kinematic.dir/render_plan_kinematic.cpp.o"
clang++  -I/usr/local/include/ompl-1.5 -I/usr/include/eigen3, -I/home/athomas/Downloads/mujoco-ompl-master/3rd_party/include -I/home/athomas/Downloads/mujoco-ompl-master/include -isystem /usr/include/eigen3 -isystem /home/athomas/.mujoco/mujoco200/include -g -Wall -std=c++11 -MD -MT CMakeFiles/render_plan_kinematic.dir/render_plan_kinematic.cpp.o -MF CMakeFiles/render_plan_kinematic.dir/render_plan_kinematic.cpp.o.d -o CMakeFiles/render_plan_kinematic.dir/render_plan_kinematic.cpp.o -c /home/athomas/Downloads/mujoco-ompl-master/render_plan_kinematic.cpp
/usr/bin/cmake -E cmake_echo_color --switch= --green --progress-dir=/home/athomas/Downloads/mujoco-ompl-master/CMakeFiles --progress-num=20 "Building CXX object CMakeFiles/render_plan_kinematic.dir/src/mujoco_wrapper.cpp.o"
clang++  -I/usr/local/include/ompl-1.5 -I/usr/include/eigen3, -I/home/athomas/Downloads/mujoco-ompl-master/3rd_party/include -I/home/athomas/Downloads/mujoco-ompl-master/include -isystem /usr/include/eigen3 -isystem /home/athomas/.mujoco/mujoco200/include -g -Wall -std=c++11 -MD -MT CMakeFiles/render_plan_kinematic.dir/src/mujoco_wrapper.cpp.o -MF CMakeFiles/render_plan_kinematic.dir/src/mujoco_wrapper.cpp.o.d -o CMakeFiles/render_plan_kinematic.dir/src/mujoco_wrapper.cpp.o -c /home/athomas/Downloads/mujoco-ompl-master/src/mujoco_wrapper.cpp
/usr/bin/cmake -E cmake_echo_color --switch= --green --progress-dir=/home/athomas/Downloads/mujoco-ompl-master/CMakeFiles --progress-num=21 "Building CXX object CMakeFiles/render_plan_kinematic.dir/src/mujoco_ompl_interface.cpp.o"
clang++  -I/usr/local/include/ompl-1.5 -I/usr/include/eigen3, -I/home/athomas/Downloads/mujoco-ompl-master/3rd_party/include -I/home/athomas/Downloads/mujoco-ompl-master/include -isystem /usr/include/eigen3 -isystem /home/athomas/.mujoco/mujoco200/include -g -Wall -std=c++11 -MD -MT CMakeFiles/render_plan_kinematic.dir/src/mujoco_ompl_interface.cpp.o -MF CMakeFiles/render_plan_kinematic.dir/src/mujoco_ompl_interface.cpp.o.d -o CMakeFiles/render_plan_kinematic.dir/src/mujoco_ompl_interface.cpp.o -c /home/athomas/Downloads/mujoco-ompl-master/src/mujoco_ompl_interface.cpp
/usr/bin/cmake -E cmake_echo_color --switch= --green --bold --progress-dir=/home/athomas/Downloads/mujoco-ompl-master/CMakeFiles --progress-num=22 "Linking CXX executable render_plan_kinematic"
/usr/bin/cmake -E cmake_link_script CMakeFiles/render_plan_kinematic.dir/link.txt --verbose=
make[2]: Leaving directory '/home/athomas/Downloads/mujoco-ompl-master'
/usr/bin/cmake -E cmake_echo_color --switch= --progress-dir=/home/athomas/Downloads/mujoco-ompl-master/CMakeFiles --progress-num=19,20,21,22 "Built target render_plan_kinematic"
make -s -f CMakeFiles/smooth_plan.dir/build.make CMakeFiles/smooth_plan.dir/depend
make[2]: Entering directory '/home/athomas/Downloads/mujoco-ompl-master'
cd /home/athomas/Downloads/mujoco-ompl-master && /usr/bin/cmake -E cmake_depends "Unix Makefiles" /home/athomas/Downloads/mujoco-ompl-master /home/athomas/Downloads/mujoco-ompl-master /home/athomas/Downloads/mujoco-ompl-master /home/athomas/Downloads/mujoco-ompl-master /home/athomas/Downloads/mujoco-ompl-master/CMakeFiles/smooth_plan.dir/DependInfo.cmake --color=
make[2]: Leaving directory '/home/athomas/Downloads/mujoco-ompl-master'
make -s -f CMakeFiles/smooth_plan.dir/build.make CMakeFiles/smooth_plan.dir/build
make[2]: Entering directory '/home/athomas/Downloads/mujoco-ompl-master'
/usr/bin/cmake -E cmake_echo_color --switch= --green --progress-dir=/home/athomas/Downloads/mujoco-ompl-master/CMakeFiles --progress-num=23 "Building CXX object CMakeFiles/smooth_plan.dir/smooth_plan.cpp.o"
clang++  -I/usr/local/include/ompl-1.5 -I/usr/include/eigen3, -I/home/athomas/Downloads/mujoco-ompl-master/3rd_party/include -I/home/athomas/Downloads/mujoco-ompl-master/include -isystem /usr/include/eigen3 -isystem /home/athomas/.mujoco/mujoco200/include -g -Wall -std=c++11 -MD -MT CMakeFiles/smooth_plan.dir/smooth_plan.cpp.o -MF CMakeFiles/smooth_plan.dir/smooth_plan.cpp.o.d -o CMakeFiles/smooth_plan.dir/smooth_plan.cpp.o -c /home/athomas/Downloads/mujoco-ompl-master/smooth_plan.cpp
/usr/bin/cmake -E cmake_echo_color --switch= --green --progress-dir=/home/athomas/Downloads/mujoco-ompl-master/CMakeFiles --progress-num=24 "Building CXX object CMakeFiles/smooth_plan.dir/src/mujoco_wrapper.cpp.o"
clang++  -I/usr/local/include/ompl-1.5 -I/usr/include/eigen3, -I/home/athomas/Downloads/mujoco-ompl-master/3rd_party/include -I/home/athomas/Downloads/mujoco-ompl-master/include -isystem /usr/include/eigen3 -isystem /home/athomas/.mujoco/mujoco200/include -g -Wall -std=c++11 -MD -MT CMakeFiles/smooth_plan.dir/src/mujoco_wrapper.cpp.o -MF CMakeFiles/smooth_plan.dir/src/mujoco_wrapper.cpp.o.d -o CMakeFiles/smooth_plan.dir/src/mujoco_wrapper.cpp.o -c /home/athomas/Downloads/mujoco-ompl-master/src/mujoco_wrapper.cpp
/usr/bin/cmake -E cmake_echo_color --switch= --green --progress-dir=/home/athomas/Downloads/mujoco-ompl-master/CMakeFiles --progress-num=25 "Building CXX object CMakeFiles/smooth_plan.dir/src/mujoco_ompl_interface.cpp.o"
clang++  -I/usr/local/include/ompl-1.5 -I/usr/include/eigen3, -I/home/athomas/Downloads/mujoco-ompl-master/3rd_party/include -I/home/athomas/Downloads/mujoco-ompl-master/include -isystem /usr/include/eigen3 -isystem /home/athomas/.mujoco/mujoco200/include -g -Wall -std=c++11 -MD -MT CMakeFiles/smooth_plan.dir/src/mujoco_ompl_interface.cpp.o -MF CMakeFiles/smooth_plan.dir/src/mujoco_ompl_interface.cpp.o.d -o CMakeFiles/smooth_plan.dir/src/mujoco_ompl_interface.cpp.o -c /home/athomas/Downloads/mujoco-ompl-master/src/mujoco_ompl_interface.cpp
/usr/bin/cmake -E cmake_echo_color --switch= --green --bold --progress-dir=/home/athomas/Downloads/mujoco-ompl-master/CMakeFiles --progress-num=26 "Linking CXX executable smooth_plan"
/usr/bin/cmake -E cmake_link_script CMakeFiles/smooth_plan.dir/link.txt --verbose=
make[2]: Leaving directory '/home/athomas/Downloads/mujoco-ompl-master'
/usr/bin/cmake -E cmake_echo_color --switch= --progress-dir=/home/athomas/Downloads/mujoco-ompl-master/CMakeFiles --progress-num=23,24,25,26 "Built target smooth_plan"
make -s -f CMakeFiles/mujoco_ompl_nogl.dir/build.make CMakeFiles/mujoco_ompl_nogl.dir/depend
make[2]: Entering directory '/home/athomas/Downloads/mujoco-ompl-master'
cd /home/athomas/Downloads/mujoco-ompl-master && /usr/bin/cmake -E cmake_depends "Unix Makefiles" /home/athomas/Downloads/mujoco-ompl-master /home/athomas/Downloads/mujoco-ompl-master /home/athomas/Downloads/mujoco-ompl-master /home/athomas/Downloads/mujoco-ompl-master /home/athomas/Downloads/mujoco-ompl-master/CMakeFiles/mujoco_ompl_nogl.dir/DependInfo.cmake --color=
make[2]: Leaving directory '/home/athomas/Downloads/mujoco-ompl-master'
make -s -f CMakeFiles/mujoco_ompl_nogl.dir/build.make CMakeFiles/mujoco_ompl_nogl.dir/build
make[2]: Entering directory '/home/athomas/Downloads/mujoco-ompl-master'
/usr/bin/cmake -E cmake_echo_color --switch= --green --progress-dir=/home/athomas/Downloads/mujoco-ompl-master/CMakeFiles --progress-num=4 "Building CXX object CMakeFiles/mujoco_ompl_nogl.dir/src/mujoco_wrapper.cpp.o"
clang++ -Dmujoco_ompl_nogl_EXPORTS -I/usr/local/include/ompl-1.5 -I/usr/include/eigen3, -I/home/athomas/Downloads/mujoco-ompl-master/3rd_party/include -I/home/athomas/Downloads/mujoco-ompl-master/include -isystem /usr/include/eigen3 -isystem /home/athomas/.mujoco/mujoco200/include -g -Wall -std=c++11 -fPIC -MD -MT CMakeFiles/mujoco_ompl_nogl.dir/src/mujoco_wrapper.cpp.o -MF CMakeFiles/mujoco_ompl_nogl.dir/src/mujoco_wrapper.cpp.o.d -o CMakeFiles/mujoco_ompl_nogl.dir/src/mujoco_wrapper.cpp.o -c /home/athomas/Downloads/mujoco-ompl-master/src/mujoco_wrapper.cpp
/usr/bin/cmake -E cmake_echo_color --switch= --green --progress-dir=/home/athomas/Downloads/mujoco-ompl-master/CMakeFiles --progress-num=5 "Building CXX object CMakeFiles/mujoco_ompl_nogl.dir/src/mujoco_ompl_interface.cpp.o"
clang++ -Dmujoco_ompl_nogl_EXPORTS -I/usr/local/include/ompl-1.5 -I/usr/include/eigen3, -I/home/athomas/Downloads/mujoco-ompl-master/3rd_party/include -I/home/athomas/Downloads/mujoco-ompl-master/include -isystem /usr/include/eigen3 -isystem /home/athomas/.mujoco/mujoco200/include -g -Wall -std=c++11 -fPIC -MD -MT CMakeFiles/mujoco_ompl_nogl.dir/src/mujoco_ompl_interface.cpp.o -MF CMakeFiles/mujoco_ompl_nogl.dir/src/mujoco_ompl_interface.cpp.o.d -o CMakeFiles/mujoco_ompl_nogl.dir/src/mujoco_ompl_interface.cpp.o -c /home/athomas/Downloads/mujoco-ompl-master/src/mujoco_ompl_interface.cpp
/usr/bin/cmake -E cmake_echo_color --switch= --green --bold --progress-dir=/home/athomas/Downloads/mujoco-ompl-master/CMakeFiles --progress-num=6 "Linking CXX shared library libmujoco_ompl_nogl.so"
/usr/bin/cmake -E cmake_link_script CMakeFiles/mujoco_ompl_nogl.dir/link.txt --verbose=
make[2]: Leaving directory '/home/athomas/Downloads/mujoco-ompl-master'
/usr/bin/cmake -E cmake_echo_color --switch= --progress-dir=/home/athomas/Downloads/mujoco-ompl-master/CMakeFiles --progress-num=4,5,6 "Built target mujoco_ompl_nogl"
make -s -f CMakeFiles/mujoco_ompl.dir/build.make CMakeFiles/mujoco_ompl.dir/depend
make[2]: Entering directory '/home/athomas/Downloads/mujoco-ompl-master'
cd /home/athomas/Downloads/mujoco-ompl-master && /usr/bin/cmake -E cmake_depends "Unix Makefiles" /home/athomas/Downloads/mujoco-ompl-master /home/athomas/Downloads/mujoco-ompl-master /home/athomas/Downloads/mujoco-ompl-master /home/athomas/Downloads/mujoco-ompl-master /home/athomas/Downloads/mujoco-ompl-master/CMakeFiles/mujoco_ompl.dir/DependInfo.cmake --color=
make[2]: Leaving directory '/home/athomas/Downloads/mujoco-ompl-master'
make -s -f CMakeFiles/mujoco_ompl.dir/build.make CMakeFiles/mujoco_ompl.dir/build
make[2]: Entering directory '/home/athomas/Downloads/mujoco-ompl-master'
/usr/bin/cmake -E cmake_echo_color --switch= --green --progress-dir=/home/athomas/Downloads/mujoco-ompl-master/CMakeFiles --progress-num=1 "Building CXX object CMakeFiles/mujoco_ompl.dir/src/mujoco_wrapper.cpp.o"
clang++ -Dmujoco_ompl_EXPORTS -I/usr/local/include/ompl-1.5 -I/usr/include/eigen3, -I/home/athomas/Downloads/mujoco-ompl-master/3rd_party/include -I/home/athomas/Downloads/mujoco-ompl-master/include -isystem /usr/include/eigen3 -isystem /home/athomas/.mujoco/mujoco200/include -g -Wall -std=c++11 -fPIC -MD -MT CMakeFiles/mujoco_ompl.dir/src/mujoco_wrapper.cpp.o -MF CMakeFiles/mujoco_ompl.dir/src/mujoco_wrapper.cpp.o.d -o CMakeFiles/mujoco_ompl.dir/src/mujoco_wrapper.cpp.o -c /home/athomas/Downloads/mujoco-ompl-master/src/mujoco_wrapper.cpp
/usr/bin/cmake -E cmake_echo_color --switch= --green --progress-dir=/home/athomas/Downloads/mujoco-ompl-master/CMakeFiles --progress-num=2 "Building CXX object CMakeFiles/mujoco_ompl.dir/src/mujoco_ompl_interface.cpp.o"
clang++ -Dmujoco_ompl_EXPORTS -I/usr/local/include/ompl-1.5 -I/usr/include/eigen3, -I/home/athomas/Downloads/mujoco-ompl-master/3rd_party/include -I/home/athomas/Downloads/mujoco-ompl-master/include -isystem /usr/include/eigen3 -isystem /home/athomas/.mujoco/mujoco200/include -g -Wall -std=c++11 -fPIC -MD -MT CMakeFiles/mujoco_ompl.dir/src/mujoco_ompl_interface.cpp.o -MF CMakeFiles/mujoco_ompl.dir/src/mujoco_ompl_interface.cpp.o.d -o CMakeFiles/mujoco_ompl.dir/src/mujoco_ompl_interface.cpp.o -c /home/athomas/Downloads/mujoco-ompl-master/src/mujoco_ompl_interface.cpp
/usr/bin/cmake -E cmake_echo_color --switch= --green --bold --progress-dir=/home/athomas/Downloads/mujoco-ompl-master/CMakeFiles --progress-num=3 "Linking CXX shared library libmujoco_ompl.so"
/usr/bin/cmake -E cmake_link_script CMakeFiles/mujoco_ompl.dir/link.txt --verbose=
make[2]: Leaving directory '/home/athomas/Downloads/mujoco-ompl-master'
/usr/bin/cmake -E cmake_echo_color --switch= --progress-dir=/home/athomas/Downloads/mujoco-ompl-master/CMakeFiles --progress-num=1,2,3 "Built target mujoco_ompl"
make[1]: Leaving directory '/home/athomas/Downloads/mujoco-ompl-master'
/usr/bin/cmake -E cmake_progress_start /home/athomas/Downloads/mujoco-ompl-master/CMakeFiles 0
make: Leaving directory '/home/athomas/Downloads/mujoco-ompl-master'
 
