make all --print-data-base --no-builtin-variables --no-builtin-rules --question
# GNU Make 4.3
# Built for x86_64-pc-linux-gnu
# Copyright (C) 1988-2020 Free Software Foundation, Inc.
# License GPLv3+: GNU GPL version 3 or later <http://gnu.org/licenses/gpl.html>
# This is free software: you are free to change and redistribute it.
# There is NO WARRANTY, to the extent permitted by law.

# Make data base, printed on Tue Jul 26 00:01:26 2022

# Variables

# environment
GDK_BACKEND = x11
# environment
LC_ALL = C
# environment
GNOME_SHELL_SESSION_MODE = ubuntu
# environment
SSH_AGENT_LAUNCHER = gnome-keyring
# environment
GJS_DEBUG_OUTPUT = stderr
# environment
VSCODE_CWD = /home/athomas
# environment
WINDOWPATH = 2
# default
MAKE_COMMAND := make
# environment
QT_ACCESSIBILITY = 1
# automatic
@D = $(patsubst %/,%,$(dir $@))
# environment
VSCODE_HANDLES_UNCAUGHT_ERRORS = true
# default
.VARIABLES := 
# environment
PWD = /home/athomas/Downloads/mujoco-ompl-master
# automatic
%D = $(patsubst %/,%,$(dir $%))
# environment
XDG_DATA_DIRS = /usr/share/ubuntu:/usr/share/gnome:/home/athomas/.local/share/flatpak/exports/share:/var/lib/flatpak/exports/share:/usr/local/share/:/usr/share/:/var/lib/snapd/desktop
# automatic
^D = $(patsubst %/,%,$(dir $^))
# automatic
%F = $(notdir $%)
# environment
VSCODE_CODE_CACHE_PATH = /home/athomas/.config/Code - Insiders/CachedData/13ba7bb446a638d37ebccb1a7d74e31c32bb9790
# environment
LANG = C
# environment
XAUTHORITY = /run/user/1000/gdm/Xauthority
# default
.LOADED := 
# default
.INCLUDE_DIRS = /usr/local/include /usr/include /usr/include
# makefile (from 'Makefile', line 51)
CMAKE_COMMAND = /usr/bin/cmake
# makefile
MAKEFLAGS = pqrR
# makefile
CURDIR := /home/athomas/Downloads/mujoco-ompl-master
# environment
APPLICATION_INSIGHTS_NO_DIAGNOSTIC_CHANNEL = 1
# environment
LESSOPEN = | /usr/bin/lesspipe %s
# automatic
*D = $(patsubst %/,%,$(dir $*))
# environment
MFLAGS = -pqrR
# environment
SSH_AUTH_SOCK = /run/user/1000/keyring/ssh
# default
.SHELLFLAGS := -c
# environment
XDG_CONFIG_DIRS = /etc/xdg/xdg-ubuntu:/etc/xdg
# automatic
+D = $(patsubst %/,%,$(dir $+))
# environment
XDG_SESSION_DESKTOP = ubuntu
# makefile (from 'Makefile', line 1)
MAKEFILE_LIST := Makefile
# makefile (from 'Makefile', line 63)
CMAKE_BINARY_DIR = /home/athomas/Downloads/mujoco-ompl-master
# automatic
@F = $(notdir $@)
# environment
VSCODE_PID = 102647
# environment
XDG_SESSION_TYPE = x11
# automatic
?D = $(patsubst %/,%,$(dir $?))
# makefile (from 'Makefile', line 60)
CMAKE_SOURCE_DIR = /home/athomas/Downloads/mujoco-ompl-master
# environment
SESSION_MANAGER = local/Bat-Wave:@/tmp/.ICE-unix/3176,unix/Bat-Wave:/tmp/.ICE-unix/3176
# automatic
*F = $(notdir $*)
# environment
CHROME_DESKTOP = code-insiders-url-handler.desktop
# environment
DBUS_SESSION_BUS_ADDRESS = unix:path=/run/user/1000/bus
# automatic
<D = $(patsubst %/,%,$(dir $<))
# environment
VSCODE_NLS_CONFIG = {"locale":"en-gb","availableLanguages":{},"_languagePackSupport":true}
# default
MAKE_HOST := x86_64-pc-linux-gnu
# environment
GNOME_DESKTOP_SESSION_ID = this-is-deprecated
# makefile (from 'Makefile', line 48)
SHELL = /bin/sh
# default
MAKECMDGOALS := all
# environment
XMODIFIERS = @im=ibus
# environment
LD_LIBRARY_PATH = :/home/athomas/.mujoco/mujoco200/bin:/usr/lib/nvidia
# environment
GJS_DEBUG_TOPICS = JS ERROR;JS LOG
# environment
SHLVL = 0
# environment
MAKELEVEL := 0
# default
MAKE = $(MAKE_COMMAND)
# environment
PATH = /home/athomas/.local/bin:/home/athomas/.local/bin:/usr/local/sbin:/usr/local/bin:/usr/sbin:/usr/bin:/sbin:/bin:/usr/games:/usr/local/games:/snap/bin:/snap/bin
# default
MAKEFILES := 
# environment
LANGUAGE = en_CA:en
# automatic
^F = $(notdir $^)
# environment
INVOCATION_ID = 63f5180cc88f41d1a882acd97f8e2e2b
# environment
USERNAME = athomas
# environment
LESSCLOSE = /usr/bin/lesspipe %s %s
# automatic
?F = $(notdir $?)
# environment
XDG_CURRENT_DESKTOP = Unity
# environment
LS_COLORS = 
# automatic
+F = $(notdir $+)
# environment
DESKTOP_SESSION = ubuntu
# environment
ORIGINAL_XDG_CURRENT_DESKTOP = ubuntu:GNOME
# 'override' directive
GNUMAKEFLAGS := 
# makefile (from 'Makefile', line 57)
EQUALS = =
# environment
LOGNAME = athomas
# environment
GIO_LAUNCHED_DESKTOP_FILE = /usr/share/applications/code-insiders.desktop
# makefile
.DEFAULT_GOAL := default_target
# environment
SYSTEMD_EXEC_PID = 3199
# makefile (from 'Makefile', line 54)
RM = /usr/bin/cmake -E rm -f
# environment
DISPLAY = :1
# environment
USER = athomas
# environment
GTK_MODULES = gail:atk-bridge
# default
MAKE_VERSION := 4.3
# environment
MANAGERPID = 2772
# environment
GIO_LAUNCHED_DESKTOP_FILE_PID = 102647
# environment
PYTHONPATH = /home/athomas/Documents/School/Thesis/MuJoCo/RoboSuite/bullet3-master/build_cmake/examples/pybullet
# makefile (from 'Makefile', line 35)
MAKESILENT = -s
# environment
_ = /usr/share/code-insiders/code-insiders
# environment
XDG_RUNTIME_DIR = /run/user/1000
# environment
GPG_AGENT_INFO = /run/user/1000/gnupg/S.gpg-agent:0:1
# environment
JOURNAL_STREAM = 8:42395
# environment
XDG_SESSION_CLASS = user
# environment
VSCODE_AMD_ENTRYPOINT = vs/workbench/api/node/extensionHostProcess
# environment
HOME = /home/athomas
# environment
QT_IM_MODULE = ibus
# environment
ELECTRON_RUN_AS_NODE = 1
# environment
VSCODE_IPC_HOOK = /run/user/1000/vscode-dd4ed762-1.70.0-insider-main.sock
# environment
IM_CONFIG_PHASE = 1
# default
.RECIPEPREFIX := 
# automatic
<F = $(notdir $<)
# default
SUFFIXES := 
# default
.FEATURES := target-specific order-only second-expansion else-if shortest-stem undefine oneshell nocomment grouped-target extra-prereqs archives jobserver output-sync check-symlink load
# environment
XDG_MENU_PREFIX = gnome-
# environment
GDMSESSION = ubuntu
# variable set hash-table stats:
# Load=102/1024=10%, Rehash=0, Collisions=3/141=2%

# Pattern-specific Variable Values

# No pattern-specific variable values.

# Directories

# RCS: could not be stat'd.
# SCCS: could not be stat'd.
# . (device 2068, inode 3555336): 40 files, no impossibilities.

# 40 files, no impossibilities in 3 directories.

# Implicit Rules

%: %,v

%: RCS/%

%: RCS/%,v

%: SCCS/s.%

%: s.%

%.hpux_make_needs_suffix_list:

# 6 implicit rules, 0 (0.0%) terminal.
# Files

plan: cmake_check_build_system
#  Phony target (prerequisite of .PHONY).
#  Implicit rule search has not been done.
#  File does not exist.
#  File has not been updated.
#  recipe to execute (from 'Makefile', line 124):
	$(MAKE) $(MAKESILENT) -f CMakeFiles/Makefile2 plan

depend:
#  Phony target (prerequisite of .PHONY).
#  Implicit rule search has not been done.
#  File does not exist.
#  File has not been updated.
#  recipe to execute (from 'Makefile', line 116):
	$(CMAKE_COMMAND) -S$(CMAKE_SOURCE_DIR) -B$(CMAKE_BINARY_DIR) --check-build-system CMakeFiles/Makefile.cmake 1

src/mujoco_wrapper.cpp.o:
#  Phony target (prerequisite of .PHONY).
#  Implicit rule search has not been done.
#  File does not exist.
#  File has not been updated.
#  recipe to execute (from 'Makefile', line 377):
	$(MAKE) $(MAKESILENT) -f CMakeFiles/plan.dir/build.make CMakeFiles/plan.dir/src/mujoco_wrapper.cpp.o
	$(MAKE) $(MAKESILENT) -f CMakeFiles/render_plan.dir/build.make CMakeFiles/render_plan.dir/src/mujoco_wrapper.cpp.o
	$(MAKE) $(MAKESILENT) -f CMakeFiles/plan_kinematic.dir/build.make CMakeFiles/plan_kinematic.dir/src/mujoco_wrapper.cpp.o
	$(MAKE) $(MAKESILENT) -f CMakeFiles/render_plan_kinematic.dir/build.make CMakeFiles/render_plan_kinematic.dir/src/mujoco_wrapper.cpp.o
	$(MAKE) $(MAKESILENT) -f CMakeFiles/smooth_plan.dir/build.make CMakeFiles/smooth_plan.dir/src/mujoco_wrapper.cpp.o
	$(MAKE) $(MAKESILENT) -f CMakeFiles/mujoco_ompl_nogl.dir/build.make CMakeFiles/mujoco_ompl_nogl.dir/src/mujoco_wrapper.cpp.o
	$(MAKE) $(MAKESILENT) -f CMakeFiles/mujoco_ompl.dir/build.make CMakeFiles/mujoco_ompl.dir/src/mujoco_wrapper.cpp.o

src/mujoco_ompl_interface.cpp.o:
#  Phony target (prerequisite of .PHONY).
#  Implicit rule search has not been done.
#  File does not exist.
#  File has not been updated.
#  recipe to execute (from 'Makefile', line 335):
	$(MAKE) $(MAKESILENT) -f CMakeFiles/plan.dir/build.make CMakeFiles/plan.dir/src/mujoco_ompl_interface.cpp.o
	$(MAKE) $(MAKESILENT) -f CMakeFiles/render_plan.dir/build.make CMakeFiles/render_plan.dir/src/mujoco_ompl_interface.cpp.o
	$(MAKE) $(MAKESILENT) -f CMakeFiles/plan_kinematic.dir/build.make CMakeFiles/plan_kinematic.dir/src/mujoco_ompl_interface.cpp.o
	$(MAKE) $(MAKESILENT) -f CMakeFiles/render_plan_kinematic.dir/build.make CMakeFiles/render_plan_kinematic.dir/src/mujoco_ompl_interface.cpp.o
	$(MAKE) $(MAKESILENT) -f CMakeFiles/smooth_plan.dir/build.make CMakeFiles/smooth_plan.dir/src/mujoco_ompl_interface.cpp.o
	$(MAKE) $(MAKESILENT) -f CMakeFiles/mujoco_ompl_nogl.dir/build.make CMakeFiles/mujoco_ompl_nogl.dir/src/mujoco_ompl_interface.cpp.o
	$(MAKE) $(MAKESILENT) -f CMakeFiles/mujoco_ompl.dir/build.make CMakeFiles/mujoco_ompl.dir/src/mujoco_ompl_interface.cpp.o

default_target: all
#  Phony target (prerequisite of .PHONY).
#  Implicit rule search has not been done.
#  File does not exist.
#  File has not been updated.

 
src/mujoco_wrapper.s: src/mujoco_wrapper.cpp.s
#  Phony target (prerequisite of .PHONY).
#  Implicit rule search has not been done.
#  File does not exist.
#  File has not been updated.

render_plan_kinematic: cmake_check_build_system
#  Phony target (prerequisite of .PHONY).
#  Implicit rule search has not been done.
#  File does not exist.
#  File has not been updated.
#  recipe to execute (from 'Makefile', line 163):
	$(MAKE) $(MAKESILENT) -f CMakeFiles/Makefile2 render_plan_kinematic

edit_cache/fast: edit_cache
#  Phony target (prerequisite of .PHONY).
#  Implicit rule search has not been done.
#  File does not exist.
#  File has not been updated.

render_plan.i: render_plan.cpp.i
#  Phony target (prerequisite of .PHONY).
#  Implicit rule search has not been done.
#  File does not exist.
#  File has not been updated.

src/mujoco_ompl_interface.o: src/mujoco_ompl_interface.cpp.o
#  Phony target (prerequisite of .PHONY).
#  Implicit rule search has not been done.
#  File does not exist.
#  File has not been updated.

smooth_plan.o: smooth_plan.cpp.o
#  Phony target (prerequisite of .PHONY).
#  Implicit rule search has not been done.
#  File does not exist.
#  File has not been updated.

plan/fast:
#  Phony target (prerequisite of .PHONY).
#  Implicit rule search has not been done.
#  File does not exist.
#  File has not been updated.
#  recipe to execute (from 'Makefile', line 129):
	$(MAKE) $(MAKESILENT) -f CMakeFiles/plan.dir/build.make CMakeFiles/plan.dir/build

# Not a target:
Makefile:
#  Implicit rule search has been done.
#  Last modified 2022-07-10 18:49:48.488069261
#  File has been updated.
#  Successfully updated.

plan.cpp.i:
#  Phony target (prerequisite of .PHONY).
#  Implicit rule search has not been done.
#  File does not exist.
#  File has not been updated.
#  recipe to execute (from 'Makefile', line 223):
	$(MAKE) $(MAKESILENT) -f CMakeFiles/plan.dir/build.make CMakeFiles/plan.dir/plan.cpp.i

rebuild_cache:
#  Phony target (prerequisite of .PHONY).
#  Implicit rule search has not been done.
#  File does not exist.
#  File has not been updated.
#  recipe to execute (from 'Makefile', line 80):
	@$(CMAKE_COMMAND) -E cmake_echo_color --switch=$(COLOR) --cyan "Running CMake to regenerate build system..."
	/usr/bin/cmake --regenerate-during-build -S$(CMAKE_SOURCE_DIR) -B$(CMAKE_BINARY_DIR)

plan_kinematic: cmake_check_build_system
#  Phony target (prerequisite of .PHONY).
#  Implicit rule search has not been done.
#  File does not exist.
#  File has not been updated.
#  recipe to execute (from 'Makefile', line 150):
	$(MAKE) $(MAKESILENT) -f CMakeFiles/Makefile2 plan_kinematic

mujoco_ompl/fast:
#  Phony target (prerequisite of .PHONY).
#  Implicit rule search has not been done.
#  File does not exist.
#  File has not been updated.
#  recipe to execute (from 'Makefile', line 207):
	$(MAKE) $(MAKESILENT) -f CMakeFiles/mujoco_ompl.dir/build.make CMakeFiles/mujoco_ompl.dir/build

render_plan_kinematic.cpp.s:
#  Phony target (prerequisite of .PHONY).
#  Implicit rule search has not been done.
#  File does not exist.
#  File has not been updated.
#  recipe to execute (from 'Makefile', line 303):
	$(MAKE) $(MAKESILENT) -f CMakeFiles/render_plan_kinematic.dir/build.make CMakeFiles/render_plan_kinematic.dir/render_plan_kinematic.cpp.s

render_plan.cpp.s:
#  Phony target (prerequisite of .PHONY).
#  Implicit rule search has not been done.
#  File does not exist.
#  File has not been updated.
#  recipe to execute (from 'Makefile', line 279):
	$(MAKE) $(MAKESILENT) -f CMakeFiles/render_plan.dir/build.make CMakeFiles/render_plan.dir/render_plan.cpp.s

.SILENT:
#  Implicit rule search has not been done.
#  Modification time never checked.
#  File has not been updated.

src/mujoco_wrapper.cpp.s:
#  Phony target (prerequisite of .PHONY).
#  Implicit rule search has not been done.
#  File does not exist.
#  File has not been updated.
#  recipe to execute (from 'Makefile', line 405):
	$(MAKE) $(MAKESILENT) -f CMakeFiles/plan.dir/build.make CMakeFiles/plan.dir/src/mujoco_wrapper.cpp.s
	$(MAKE) $(MAKESILENT) -f CMakeFiles/render_plan.dir/build.make CMakeFiles/render_plan.dir/src/mujoco_wrapper.cpp.s
	$(MAKE) $(MAKESILENT) -f CMakeFiles/plan_kinematic.dir/build.make CMakeFiles/plan_kinematic.dir/src/mujoco_wrapper.cpp.s
	$(MAKE) $(MAKESILENT) -f CMakeFiles/render_plan_kinematic.dir/build.make CMakeFiles/render_plan_kinematic.dir/src/mujoco_wrapper.cpp.s
	$(MAKE) $(MAKESILENT) -f CMakeFiles/smooth_plan.dir/build.make CMakeFiles/smooth_plan.dir/src/mujoco_wrapper.cpp.s
	$(MAKE) $(MAKESILENT) -f CMakeFiles/mujoco_ompl_nogl.dir/build.make CMakeFiles/mujoco_ompl_nogl.dir/src/mujoco_wrapper.cpp.s
	$(MAKE) $(MAKESILENT) -f CMakeFiles/mujoco_ompl.dir/build.make CMakeFiles/mujoco_ompl.dir/src/mujoco_wrapper.cpp.s

clean:
#  Phony target (prerequisite of .PHONY).
#  Implicit rule search has not been done.
#  File does not exist.
#  File has not been updated.
#  recipe to execute (from 'Makefile', line 97):
	$(MAKE) $(MAKESILENT) -f CMakeFiles/Makefile2 clean

cmake_force:
#  Phony target (prerequisite of .PHONY).
#  Implicit rule search has not been done.
#  File does not exist.
#  File has not been updated.

preinstall/fast:
#  Phony target (prerequisite of .PHONY).
#  Implicit rule search has not been done.
#  File does not exist.
#  File has not been updated.
#  recipe to execute (from 'Makefile', line 111):
	$(MAKE) $(MAKESILENT) -f CMakeFiles/Makefile2 preinstall

src/mujoco_wrapper.i: src/mujoco_wrapper.cpp.i
#  Phony target (prerequisite of .PHONY).
#  Implicit rule search has not been done.
#  File does not exist.
#  File has not been updated.

edit_cache:
#  Phony target (prerequisite of .PHONY).
#  Implicit rule search has not been done.
#  File does not exist.
#  File has not been updated.
#  recipe to execute (from 'Makefile', line 70):
	@$(CMAKE_COMMAND) -E cmake_echo_color --switch=$(COLOR) --cyan "No interactive CMake dialog available..."
	/usr/bin/cmake -E echo No\ interactive\ CMake\ dialog\ available.

plan_kinematic.o: plan_kinematic.cpp.o
#  Phony target (prerequisite of .PHONY).
#  Implicit rule search has not been done.
#  File does not exist.
#  File has not been updated.

smooth_plan.i: smooth_plan.cpp.i
#  Phony target (prerequisite of .PHONY).
#  Implicit rule search has not been done.
#  File does not exist.
#  File has not been updated.

plan_kinematic.s: plan_kinematic.cpp.s
#  Phony target (prerequisite of .PHONY).
#  Implicit rule search has not been done.
#  File does not exist.
#  File has not been updated.

rebuild_cache/fast: rebuild_cache
#  Phony target (prerequisite of .PHONY).
#  Implicit rule search has not been done.
#  File does not exist.
#  File has not been updated.

render_plan_kinematic.i: render_plan_kinematic.cpp.i
#  Phony target (prerequisite of .PHONY).
#  Implicit rule search has not been done.
#  File does not exist.
#  File has not been updated.

# Not a target:
.hpux_make_needs_suffix_list:
#  Implicit rule search has not been done.
#  Modification time never checked.
#  File has not been updated.

smooth_plan: cmake_check_build_system
#  Phony target (prerequisite of .PHONY).
#  Implicit rule search has not been done.
#  File does not exist.
#  File has not been updated.
#  recipe to execute (from 'Makefile', line 176):
	$(MAKE) $(MAKESILENT) -f CMakeFiles/Makefile2 smooth_plan

smooth_plan/fast:
#  Phony target (prerequisite of .PHONY).
#  Implicit rule search has not been done.
#  File does not exist.
#  File has not been updated.
#  recipe to execute (from 'Makefile', line 181):
	$(MAKE) $(MAKESILENT) -f CMakeFiles/smooth_plan.dir/build.make CMakeFiles/smooth_plan.dir/build

src/mujoco_ompl_interface.i: src/mujoco_ompl_interface.cpp.i
#  Phony target (prerequisite of .PHONY).
#  Implicit rule search has not been done.
#  File does not exist.
#  File has not been updated.

render_plan.s: render_plan.cpp.s
#  Phony target (prerequisite of .PHONY).
#  Implicit rule search has not been done.
#  File does not exist.
#  File has not been updated.

preinstall: all
#  Phony target (prerequisite of .PHONY).
#  Implicit rule search has not been done.
#  File does not exist.
#  File has not been updated.
#  recipe to execute (from 'Makefile', line 106):
	$(MAKE) $(MAKESILENT) -f CMakeFiles/Makefile2 preinstall

render_plan_kinematic/fast:
#  Phony target (prerequisite of .PHONY).
#  Implicit rule search has not been done.
#  File does not exist.
#  File has not been updated.
#  recipe to execute (from 'Makefile', line 168):
	$(MAKE) $(MAKESILENT) -f CMakeFiles/render_plan_kinematic.dir/build.make CMakeFiles/render_plan_kinematic.dir/build

# Not a target:
.DEFAULT:
#  Implicit rule search has not been done.
#  Modification time never checked.
#  File has not been updated.

render_plan_kinematic.o: render_plan_kinematic.cpp.o
#  Phony target (prerequisite of .PHONY).
#  Implicit rule search has not been done.
#  File does not exist.
#  File has not been updated.

render_plan.cpp.i:
#  Phony target (prerequisite of .PHONY).
#  Implicit rule search has not been done.
#  File does not exist.
#  File has not been updated.
#  recipe to execute (from 'Makefile', line 271):
	$(MAKE) $(MAKESILENT) -f CMakeFiles/render_plan.dir/build.make CMakeFiles/render_plan.dir/render_plan.cpp.i

render_plan_kinematic.cpp.i:
#  Phony target (prerequisite of .PHONY).
#  Implicit rule search has not been done.
#  File does not exist.
#  File has not been updated.
#  recipe to execute (from 'Makefile', line 295):
	$(MAKE) $(MAKESILENT) -f CMakeFiles/render_plan_kinematic.dir/build.make CMakeFiles/render_plan_kinematic.dir/render_plan_kinematic.cpp.i

all: cmake_check_build_system
#  Phony target (prerequisite of .PHONY).
#  Command line target.
#  Implicit rule search has not been done.
#  File does not exist.
#  File has been updated.
#  Needs to be updated (-q is set).
# variable set hash-table stats:
# Load=0/32=0%, Rehash=0, Collisions=0/6=0%
#  recipe to execute (from 'Makefile', line 90):
	$(CMAKE_COMMAND) -E cmake_progress_start /home/athomas/Downloads/mujoco-ompl-master/CMakeFiles /home/athomas/Downloads/mujoco-ompl-master//CMakeFiles/progress.marks
	$(MAKE) $(MAKESILENT) -f CMakeFiles/Makefile2 all
	$(CMAKE_COMMAND) -E cmake_progress_start /home/athomas/Downloads/mujoco-ompl-master/CMakeFiles 0

smooth_plan.cpp.i:
#  Phony target (prerequisite of .PHONY).
#  Implicit rule search has not been done.
#  File does not exist.
#  File has not been updated.
#  recipe to execute (from 'Makefile', line 319):
	$(MAKE) $(MAKESILENT) -f CMakeFiles/smooth_plan.dir/build.make CMakeFiles/smooth_plan.dir/smooth_plan.cpp.i

help:
#  Phony target (prerequisite of .PHONY).
#  Implicit rule search has not been done.
#  File does not exist.
#  File has not been updated.
#  recipe to execute (from 'Makefile', line 416):
	@echo "The following are some of the valid targets for this Makefile:"
	@echo "... all (the default if no target is provided)"
	@echo "... clean"
	@echo "... depend"
	@echo "... edit_cache"
 
	@echo "... rebuild_cache"
	@echo "... mujoco_ompl"
	@echo "... mujoco_ompl_nogl"
	@echo "... plan"
	@echo "... plan_kinematic"
	@echo "... render_plan"
	@echo "... render_plan_kinematic"
	@echo "... smooth_plan"
	@echo "... plan.o"
	@echo "... plan.i"
	@echo "... plan.s"
	@echo "... plan_kinematic.o"
	@echo "... plan_kinematic.i"
	@echo "... plan_kinematic.s"
	@echo "... render_plan.o"
	@echo "... render_plan.i"
	@echo "... render_plan.s"
	@echo "... render_plan_kinematic.o"
	@echo "... render_plan_kinematic.i"
	@echo "... render_plan_kinematic.s"
	@echo "... smooth_plan.o"
	@echo "... smooth_plan.i"
	@echo "... smooth_plan.s"
	@echo "... src/mujoco_ompl_interface.o"
	@echo "... src/mujoco_ompl_interface.i"
	@echo "... src/mujoco_ompl_interface.s"
	@echo "... src/mujoco_wrapper.o"
	@echo "... src/mujoco_wrapper.i"
	@echo "... src/mujoco_wrapper.s"

plan_kinematic.cpp.i:
#  Phony target (prerequisite of .PHONY).
#  Implicit rule search has not been done.
#  File does not exist.
#  File has not been updated.
#  recipe to execute (from 'Makefile', line 247):
	$(MAKE) $(MAKESILENT) -f CMakeFiles/plan_kinematic.dir/build.make CMakeFiles/plan_kinematic.dir/plan_kinematic.cpp.i

src/mujoco_ompl_interface.cpp.s:
#  Phony target (prerequisite of .PHONY).
#  Implicit rule search has not been done.
#  File does not exist.
#  File has not been updated.
#  recipe to execute (from 'Makefile', line 363):
	$(MAKE) $(MAKESILENT) -f CMakeFiles/plan.dir/build.make CMakeFiles/plan.dir/src/mujoco_ompl_interface.cpp.s
	$(MAKE) $(MAKESILENT) -f CMakeFiles/render_plan.dir/build.make CMakeFiles/render_plan.dir/src/mujoco_ompl_interface.cpp.s
	$(MAKE) $(MAKESILENT) -f CMakeFiles/plan_kinematic.dir/build.make CMakeFiles/plan_kinematic.dir/src/mujoco_ompl_interface.cpp.s
	$(MAKE) $(MAKESILENT) -f CMakeFiles/render_plan_kinematic.dir/build.make CMakeFiles/render_plan_kinematic.dir/src/mujoco_ompl_interface.cpp.s
	$(MAKE) $(MAKESILENT) -f CMakeFiles/smooth_plan.dir/build.make CMakeFiles/smooth_plan.dir/src/mujoco_ompl_interface.cpp.s
	$(MAKE) $(MAKESILENT) -f CMakeFiles/mujoco_ompl_nogl.dir/build.make CMakeFiles/mujoco_ompl_nogl.dir/src/mujoco_ompl_interface.cpp.s
	$(MAKE) $(MAKESILENT) -f CMakeFiles/mujoco_ompl.dir/build.make CMakeFiles/mujoco_ompl.dir/src/mujoco_ompl_interface.cpp.s

plan_kinematic.cpp.o:
#  Phony target (prerequisite of .PHONY).
#  Implicit rule search has not been done.
#  File does not exist.
#  File has not been updated.
#  recipe to execute (from 'Makefile', line 239):
	$(MAKE) $(MAKESILENT) -f CMakeFiles/plan_kinematic.dir/build.make CMakeFiles/plan_kinematic.dir/plan_kinematic.cpp.o

clean/fast: clean
#  Phony target (prerequisite of .PHONY).
#  Implicit rule search has not been done.
#  File does not exist.
#  File has not been updated.

render_plan_kinematic.cpp.o:
#  Phony target (prerequisite of .PHONY).
#  Implicit rule search has not been done.
#  File does not exist.
#  File has not been updated.
#  recipe to execute (from 'Makefile', line 287):
	$(MAKE) $(MAKESILENT) -f CMakeFiles/render_plan_kinematic.dir/build.make CMakeFiles/render_plan_kinematic.dir/render_plan_kinematic.cpp.o

mujoco_ompl_nogl: cmake_check_build_system
#  Phony target (prerequisite of .PHONY).
#  Implicit rule search has not been done.
#  File does not exist.
#  File has not been updated.
#  recipe to execute (from 'Makefile', line 189):
	$(MAKE) $(MAKESILENT) -f CMakeFiles/Makefile2 mujoco_ompl_nogl

mujoco_ompl_nogl/fast:
#  Phony target (prerequisite of .PHONY).
#  Implicit rule search has not been done.
#  File does not exist.
#  File has not been updated.
#  recipe to execute (from 'Makefile', line 194):
	$(MAKE) $(MAKESILENT) -f CMakeFiles/mujoco_ompl_nogl.dir/build.make CMakeFiles/mujoco_ompl_nogl.dir/build

src/mujoco_wrapper.o: src/mujoco_wrapper.cpp.o
#  Phony target (prerequisite of .PHONY).
#  Implicit rule search has not been done.
#  File does not exist.
#  File has not been updated.

.NOTPARALLEL:
#  Implicit rule search has not been done.
#  Modification time never checked.
#  File has not been updated.

plan_kinematic/fast:
#  Phony target (prerequisite of .PHONY).
#  Implicit rule search has not been done.
#  File does not exist.
#  File has not been updated.
#  recipe to execute (from 'Makefile', line 155):
	$(MAKE) $(MAKESILENT) -f CMakeFiles/plan_kinematic.dir/build.make CMakeFiles/plan_kinematic.dir/build

render_plan/fast:
#  Phony target (prerequisite of .PHONY).
#  Implicit rule search has not been done.
#  File does not exist.
#  File has not been updated.
#  recipe to execute (from 'Makefile', line 142):
	$(MAKE) $(MAKESILENT) -f CMakeFiles/render_plan.dir/build.make CMakeFiles/render_plan.dir/build

smooth_plan.cpp.s:
#  Phony target (prerequisite of .PHONY).
#  Implicit rule search has not been done.
#  File does not exist.
#  File has not been updated.
#  recipe to execute (from 'Makefile', line 327):
	$(MAKE) $(MAKESILENT) -f CMakeFiles/smooth_plan.dir/build.make CMakeFiles/smooth_plan.dir/smooth_plan.cpp.s

mujoco_ompl: cmake_check_build_system
#  Phony target (prerequisite of .PHONY).
#  Implicit rule search has not been done.
#  File does not exist.
#  File has not been updated.
#  recipe to execute (from 'Makefile', line 202):
	$(MAKE) $(MAKESILENT) -f CMakeFiles/Makefile2 mujoco_ompl

plan.o: plan.cpp.o
#  Phony target (prerequisite of .PHONY).
#  Implicit rule search has not been done.
#  File does not exist.
#  File has not been updated.

plan.s: plan.cpp.s
#  Phony target (prerequisite of .PHONY).
#  Implicit rule search has not been done.
#  File does not exist.
#  File has not been updated.

render_plan.o: render_plan.cpp.o
#  Phony target (prerequisite of .PHONY).
#  Implicit rule search has not been done.
#  File does not exist.
#  File has not been updated.

src/mujoco_wrapper.cpp.i:
#  Phony target (prerequisite of .PHONY).
#  Implicit rule search has not been done.
#  File does not exist.
#  File has not been updated.
#  recipe to execute (from 'Makefile', line 391):
	$(MAKE) $(MAKESILENT) -f CMakeFiles/plan.dir/build.make CMakeFiles/plan.dir/src/mujoco_wrapper.cpp.i
	$(MAKE) $(MAKESILENT) -f CMakeFiles/render_plan.dir/build.make CMakeFiles/render_plan.dir/src/mujoco_wrapper.cpp.i
	$(MAKE) $(MAKESILENT) -f CMakeFiles/plan_kinematic.dir/build.make CMakeFiles/plan_kinematic.dir/src/mujoco_wrapper.cpp.i
	$(MAKE) $(MAKESILENT) -f CMakeFiles/render_plan_kinematic.dir/build.make CMakeFiles/render_plan_kinematic.dir/src/mujoco_wrapper.cpp.i
	$(MAKE) $(MAKESILENT) -f CMakeFiles/smooth_plan.dir/build.make CMakeFiles/smooth_plan.dir/src/mujoco_wrapper.cpp.i
	$(MAKE) $(MAKESILENT) -f CMakeFiles/mujoco_ompl_nogl.dir/build.make CMakeFiles/mujoco_ompl_nogl.dir/src/mujoco_wrapper.cpp.i
	$(MAKE) $(MAKESILENT) -f CMakeFiles/mujoco_ompl.dir/build.make CMakeFiles/mujoco_ompl.dir/src/mujoco_wrapper.cpp.i

src/mujoco_ompl_interface.cpp.i:
#  Phony target (prerequisite of .PHONY).
#  Implicit rule search has not been done.
#  File does not exist.
#  File has not been updated.
#  recipe to execute (from 'Makefile', line 349):
	$(MAKE) $(MAKESILENT) -f CMakeFiles/plan.dir/build.make CMakeFiles/plan.dir/src/mujoco_ompl_interface.cpp.i
	$(MAKE) $(MAKESILENT) -f CMakeFiles/render_plan.dir/build.make CMakeFiles/render_plan.dir/src/mujoco_ompl_interface.cpp.i
	$(MAKE) $(MAKESILENT) -f CMakeFiles/plan_kinematic.dir/build.make CMakeFiles/plan_kinematic.dir/src/mujoco_ompl_interface.cpp.i
	$(MAKE) $(MAKESILENT) -f CMakeFiles/render_plan_kinematic.dir/build.make CMakeFiles/render_plan_kinematic.dir/src/mujoco_ompl_interface.cpp.i
	$(MAKE) $(MAKESILENT) -f CMakeFiles/smooth_plan.dir/build.make CMakeFiles/smooth_plan.dir/src/mujoco_ompl_interface.cpp.i
	$(MAKE) $(MAKESILENT) -f CMakeFiles/mujoco_ompl_nogl.dir/build.make CMakeFiles/mujoco_ompl_nogl.dir/src/mujoco_ompl_interface.cpp.i
	$(MAKE) $(MAKESILENT) -f CMakeFiles/mujoco_ompl.dir/build.make CMakeFiles/mujoco_ompl.dir/src/mujoco_ompl_interface.cpp.i

cmake_check_build_system:
#  Phony target (prerequisite of .PHONY).
#  Implicit rule search has not been done.
#  Implicit/static pattern stem: ''
#  File does not exist.
#  File has been updated.
#  Needs to be updated (-q is set).
# automatic
# @ := cmake_check_build_system
# automatic
# * := 
# automatic
# < := 
# automatic
# + := 
# automatic
# % := 
# automatic
# ^ := 
# automatic
# ? := 
# automatic
# | := 
# variable set hash-table stats:
# Load=8/32=25%, Rehash=0, Collisions=1/14=7%
#  recipe to execute (from 'Makefile', line 461):
	$(CMAKE_COMMAND) -S$(CMAKE_SOURCE_DIR) -B$(CMAKE_BINARY_DIR) --check-build-system CMakeFiles/Makefile.cmake 0

src/mujoco_ompl_interface.s: src/mujoco_ompl_interface.cpp.s
#  Phony target (prerequisite of .PHONY).
#  Implicit rule search has not been done.
#  File does not exist.
#  File has not been updated.

smooth_plan.cpp.o:
#  Phony target (prerequisite of .PHONY).
#  Implicit rule search has not been done.
#  File does not exist.
#  File has not been updated.
#  recipe to execute (from 'Makefile', line 311):
	$(MAKE) $(MAKESILENT) -f CMakeFiles/smooth_plan.dir/build.make CMakeFiles/smooth_plan.dir/smooth_plan.cpp.o

plan.i: plan.cpp.i
#  Phony target (prerequisite of .PHONY).
#  Implicit rule search has not been done.
#  File does not exist.
#  File has not been updated.

plan.cpp.s:
#  Phony target (prerequisite of .PHONY).
#  Implicit rule search has not been done.
#  File does not exist.
#  File has not been updated.
#  recipe to execute (from 'Makefile', line 231):
	$(MAKE) $(MAKESILENT) -f CMakeFiles/plan.dir/build.make CMakeFiles/plan.dir/plan.cpp.s

plan.cpp.o:
#  Phony target (prerequisite of .PHONY).
#  Implicit rule search has not been done.
#  File does not exist.
#  File has not been updated.
#  recipe to execute (from 'Makefile', line 215):
	$(MAKE) $(MAKESILENT) -f CMakeFiles/plan.dir/build.make CMakeFiles/plan.dir/plan.cpp.o

plan_kinematic.i: plan_kinematic.cpp.i
#  Phony target (prerequisite of .PHONY).
#  Implicit rule search has not been done.
#  File does not exist.
#  File has not been updated.

smooth_plan.s: smooth_plan.cpp.s
#  Phony target (prerequisite of .PHONY).
#  Implicit rule search has not been done.
#  File does not exist.
#  File has not been updated.

.SUFFIXES: .hpux_make_needs_suffix_list
#  Implicit rule search has not been done.
#  Modification time never checked.
#  File has not been updated.

plan_kinematic.cpp.s:
#  Phony target (prerequisite of .PHONY).
#  Implicit rule search has not been done.
#  File does not exist.
#  File has not been updated.
#  recipe to execute (from 'Makefile', line 255):
	$(MAKE) $(MAKESILENT) -f CMakeFiles/plan_kinematic.dir/build.make CMakeFiles/plan_kinematic.dir/plan_kinematic.cpp.s

.PHONY: default_target cmake_force edit_cache edit_cache/fast rebuild_cache rebuild_cache/fast all clean clean/fast preinstall preinstall/fast depend plan plan/fast render_plan render_plan/fast plan_kinematic plan_kinematic/fast render_plan_kinematic render_plan_kinematic/fast smooth_plan smooth_plan/fast mujoco_ompl_nogl mujoco_ompl_nogl/fast mujoco_ompl mujoco_ompl/fast plan.o plan.cpp.o plan.i plan.cpp.i plan.s plan.cpp.s plan_kinematic.o plan_kinematic.cpp.o plan_kinematic.i plan_kinematic.cpp.i plan_kinematic.s plan_kinematic.cpp.s render_plan.o render_plan.cpp.o render_plan.i render_plan.cpp.i render_plan.s render_plan.cpp.s render_plan_kinematic.o render_plan_kinematic.cpp.o render_plan_kinematic.i render_plan_kinematic.cpp.i render_plan_kinematic.s render_plan_kinematic.cpp.s smooth_plan.o smooth_plan.cpp.o smooth_plan.i smooth_plan.cpp.i smooth_plan.s smooth_plan.cpp.s src/mujoco_ompl_interface.o src/mujoco_ompl_interface.cpp.o src/mujoco_ompl_interface.i src/mujoco_ompl_interface.cpp.i src/mujoco_ompl_interface.s src/mujoco_ompl_interface.cpp.s src/mujoco_wrapper.o src/mujoco_wrapper.cpp.o src/mujoco_wrapper.i src/mujoco_wrapper.cpp.i src/mujoco_wrapper.s src/mujoco_wrapper.cpp.s help cmake_check_build_system
#  Implicit rule search has not been done.
#  Modification time never checked.
#  File has not been updated.

render_plan_kinematic.s: render_plan_kinematic.cpp.s
#  Phony target (prerequisite of .PHONY).
#  Implicit rule search has not been done.
#  File does not exist.
#  File has not been updated.

render_plan: cmake_check_build_system
#  Phony target (prerequisite of .PHONY).
 
#  Implicit rule search has not been done.
#  File does not exist.
#  File has not been updated.
#  recipe to execute (from 'Makefile', line 137):
	$(MAKE) $(MAKESILENT) -f CMakeFiles/Makefile2 render_plan

render_plan.cpp.o:
#  Phony target (prerequisite of .PHONY).
#  Implicit rule search has not been done.
#  File does not exist.
#  File has not been updated.
#  recipe to execute (from 'Makefile', line 263):
	$(MAKE) $(MAKESILENT) -f CMakeFiles/render_plan.dir/build.make CMakeFiles/render_plan.dir/render_plan.cpp.o

# files hash-table stats:
# Load=77/1024=8%, Rehash=0, Collisions=3/287=1%
# VPATH Search Paths

# No 'vpath' search paths.

# No general ('VPATH' variable) search path.

# strcache buffers: 1 (0) / strings = 122 / storage = 1853 B / avg = 15 B
# current buf: size = 8162 B / used = 1853 B / count = 122 / avg = 15 B

# strcache performance: lookups = 456 / hit rate = 73%
# hash-table stats:
# Load=122/8192=1%, Rehash=0, Collisions=0/456=0%
# Finished Make data base on Tue Jul 26 00:01:26 2022

 
